app/build/intermediates/manifest_merge_blame_file/debug/processDebugMainManifest/manifest-merger-blame-debug-report.txt
1<?xml version="1.0" encoding="utf-8"?>
2<manifest xmlns:android="http://schemas.android.com/apk/res/android"
3    package="com.safewalk.coimbatore.pro"
4    android:versionCode="1"
5    android:versionName="1.0" >
6
7    <uses-sdk
8        android:minSdkVersion="24"
9        android:targetSdkVersion="34" />
10
11    <queries>
11-->src\main\AndroidManifest.xml:4:5-8:15
12        <intent>
12-->src\main\AndroidManifest.xml:5:9-7:18
13            <action android:name="android.media.action.IMAGE_CAPTURE" />
13-->src\main\AndroidManifest.xml:6:13-73
13-->src\main\AndroidManifest.xml:6:21-70
14        </intent>
15    </queries>
16
17    <uses-permission android:name="android.permission.CAMERA" />
17-->src\main\AndroidManifest.xml:10:5-65
17-->src\main\AndroidManifest.xml:10:22-62
18    <uses-permission android:name="android.permission.INTERNET" />
18-->src\main\AndroidManifest.xml:11:5-67
18-->src\main\AndroidManifest.xml:11:22-64
19    <uses-permission android:name="android.permission.ACCESS_NETWORK_STATE" />
19-->src\main\AndroidManifest.xml:12:5-79
19-->src\main\AndroidManifest.xml:12:22-76
20    <uses-permission android:name="android.permission.ACCESS_FINE_LOCATION" />
20-->src\main\AndroidManifest.xml:13:5-79
20-->src\main\AndroidManifest.xml:13:22-76
21    <uses-permission android:name="android.permission.ACCESS_COARSE_LOCATION" />
21-->src\main\AndroidManifest.xml:14:5-81
21-->src\main\AndroidManifest.xml:14:22-78
22    <uses-permission android:name="android.permission.WRITE_EXTERNAL_STORAGE" />
22-->src\main\AndroidManifest.xml:15:5-81
22-->src\main\AndroidManifest.xml:15:22-78
23
24    <uses-feature
24-->src\main\AndroidManifest.xml:16:5-85
25        android:name="android.hardware.camera"
25-->src\main\AndroidManifest.xml:16:19-57
26        android:required="false" />
26-->src\main\AndroidManifest.xml:16:58-82
27
28    <permission
28-->[androidx.core:core:1.9.0] AndroidManifest.xml:22:5-24:47
29        android:name="com.safewalk.coimbatore.pro.DYNAMIC_RECEIVER_NOT_EXPORTED_PERMISSION"
29-->[androidx.core:core:1.9.0] AndroidManifest.xml:23:9-81
30        android:protectionLevel="signature" />
30-->[androidx.core:core:1.9.0] AndroidManifest.xml:24:9-44
31
32    <uses-permission android:name="com.safewalk.coimbatore.pro.DYNAMIC_RECEIVER_NOT_EXPORTED_PERMISSION" />
32-->[androidx.core:core:1.9.0] AndroidManifest.xml:26:5-97
32-->[androidx.core:core:1.9.0] AndroidManifest.xml:26:22-94
33
34    <supports-screens
34-->[org.osmdroid:osmdroid-android:6.1.18] AndroidManifest.xml:9:5-12:40
35        android:anyDensity="true"
35-->[org.osmdroid:osmdroid-android:6.1.18] AndroidManifest.xml:10:9-34
36        android:largeScreens="true"
36-->[org.osmdroid:osmdroid-android:6.1.18] AndroidManifest.xml:11:9-36
37        android:normalScreens="true" />
37-->[org.osmdroid:osmdroid-android:6.1.18] AndroidManifest.xml:12:9-37
38
39    <uses-feature
39-->[org.osmdroid:osmdroid-android:6.1.18] AndroidManifest.xml:14:5-16:36
40        android:name="android.hardware.location.network"
40-->[org.osmdroid:osmdroid-android:6.1.18] AndroidManifest.xml:15:9-57
41        android:required="false" />
41-->[org.osmdroid:osmdroid-android:6.1.18] AndroidManifest.xml:16:9-33
42    <uses-feature
42-->[org.osmdroid:osmdroid-android:6.1.18] AndroidManifest.xml:17:5-19:36
43        android:name="android.hardware.location.gps"
43-->[org.osmdroid:osmdroid-android:6.1.18] AndroidManifest.xml:18:9-53
44        android:required="false" />
44-->[org.osmdroid:osmdroid-android:6.1.18] AndroidManifest.xml:19:9-33
45    <uses-feature
45-->[org.osmdroid:osmdroid-android:6.1.18] AndroidManifest.xml:20:5-22:36
46        android:name="android.hardware.telephony"
46-->[org.osmdroid:osmdroid-android:6.1.18] AndroidManifest.xml:21:9-50
47        android:required="false" />
47-->[org.osmdroid:osmdroid-android:6.1.18] AndroidManifest.xml:22:9-33
48    <uses-feature
48-->[org.osmdroid:osmdroid-android:6.1.18] AndroidManifest.xml:23:5-25:36
49        android:name="android.hardware.wifi"
49-->[org.osmdroid:osmdroid-android:6.1.18] AndroidManifest.xml:24:9-45
50        android:required="false" />
50-->[org.osmdroid:osmdroid-android:6.1.18] AndroidManifest.xml:25:9-33
51
52    <application
52-->src\main\AndroidManifest.xml:18:5-69:19
53        android:allowBackup="true"
53-->src\main\AndroidManifest.xml:19:9-35
54        android:appComponentFactory="androidx.core.app.CoreComponentFactory"
54-->[androidx.core:core:1.9.0] AndroidManifest.xml:28:18-86
55        android:debuggable="true"
56        android:extractNativeLibs="false"
57        android:icon="@mipmap/ic_launcher"
57-->src\main\AndroidManifest.xml:20:9-43
58        android:label="@string/app_name"
58-->src\main\AndroidManifest.xml:21:9-41
59        android:roundIcon="@mipmap/ic_launcher_round"
59-->src\main\AndroidManifest.xml:22:9-54
60        android:supportsRtl="true"
60-->src\main\AndroidManifest.xml:23:9-35
61        android:theme="@style/Theme.SafeWalkCoimbatorePro" >
61-->src\main\AndroidManifest.xml:24:9-59
62        <activity
62-->src\main\AndroidManifest.xml:26:9-33:20
63            android:name="com.safewalk.coimbatore.pro.MainActivity"
63-->src\main\AndroidManifest.xml:27:13-41
64            android:exported="true" >
64-->src\main\AndroidManifest.xml:28:13-36
65            <intent-filter>
65-->src\main\AndroidManifest.xml:29:13-32:29
66                <action android:name="android.intent.action.MAIN" />
66-->src\main\AndroidManifest.xml:30:17-69
66-->src\main\AndroidManifest.xml:30:25-66
67
68                <category android:name="android.intent.category.LAUNCHER" />
68-->src\main\AndroidManifest.xml:31:17-77
68-->src\main\AndroidManifest.xml:31:27-74
69            </intent-filter>
70        </activity>
71        <activity
71-->src\main\AndroidManifest.xml:35:9-39:58
72            android:name="com.safewalk.coimbatore.pro.JunctionsActivity"
72-->src\main\AndroidManifest.xml:36:13-46
73            android:exported="false"
73-->src\main\AndroidManifest.xml:37:13-37
74            android:label="Junctions Directory"
74-->src\main\AndroidManifest.xml:38:13-48
75            android:parentActivityName="com.safewalk.coimbatore.pro.MainActivity" />
75-->src\main\AndroidManifest.xml:39:13-55
76        <activity
76-->src\main\AndroidManifest.xml:41:9-45:63
77            android:name="com.safewalk.coimbatore.pro.JunctionDetailActivity"
77-->src\main\AndroidManifest.xml:42:13-51
78            android:exported="false"
78-->src\main\AndroidManifest.xml:43:13-37
79            android:label="Junction Analysis"
79-->src\main\AndroidManifest.xml:44:13-46
80            android:parentActivityName="com.safewalk.coimbatore.pro.JunctionsActivity" />
80-->src\main\AndroidManifest.xml:45:13-60
81        <activity
81-->src\main\AndroidManifest.xml:47:9-51:58
82            android:name="com.safewalk.coimbatore.pro.TipsActivity"
82-->src\main\AndroidManifest.xml:48:13-41
83            android:exported="false"
83-->src\main\AndroidManifest.xml:49:13-37
84            android:label="Safety Tips"
84-->src\main\AndroidManifest.xml:50:13-40
85            android:parentActivityName="com.safewalk.coimbatore.pro.MainActivity" />
85-->src\main\AndroidManifest.xml:51:13-55
86        <activity
86-->src\main\AndroidManifest.xml:53:9-57:58
87            android:name="com.safewalk.coimbatore.pro.ReportActivity"
87-->src\main\AndroidManifest.xml:54:13-43
88            android:exported="false"
88-->src\main\AndroidManifest.xml:55:13-37
89            android:label="Report Issue"
89-->src\main\AndroidManifest.xml:56:13-41
90            android:parentActivityName="com.safewalk.coimbatore.pro.MainActivity" />
90-->src\main\AndroidManifest.xml:57:13-55
91
92        <provider
92-->src\main\AndroidManifest.xml:59:9-67:20
93            android:name="androidx.core.content.FileProvider"
93-->src\main\AndroidManifest.xml:60:13-62
94            android:authorities="com.safewalk.coimbatore.pro.fileprovider"
94-->src\main\AndroidManifest.xml:61:13-75
95            android:exported="false"
95-->src\main\AndroidManifest.xml:62:13-37
96            android:grantUriPermissions="true" >
96-->src\main\AndroidManifest.xml:63:13-47
97            <meta-data
97-->src\main\AndroidManifest.xml:64:13-66:54
98                android:name="android.support.FILE_PROVIDER_PATHS"
98-->src\main\AndroidManifest.xml:65:17-67
99                android:resource="@xml/file_paths" />
99-->src\main\AndroidManifest.xml:66:17-51
100        </provider>
101
102        <service
102-->[androidx.room:room-runtime:2.6.1] AndroidManifest.xml:24:9-28:63
103            android:name="androidx.room.MultiInstanceInvalidationService"
103-->[androidx.room:room-runtime:2.6.1] AndroidManifest.xml:25:13-74
104            android:directBootAware="true"
104-->[androidx.room:room-runtime:2.6.1] AndroidManifest.xml:26:13-43
105            android:exported="false" />
105-->[androidx.room:room-runtime:2.6.1] AndroidManifest.xml:27:13-37
106
107        <provider
107-->[androidx.emoji2:emoji2:1.2.0] AndroidManifest.xml:24:9-32:20
108            android:name="androidx.startup.InitializationProvider"
108-->[androidx.emoji2:emoji2:1.2.0] AndroidManifest.xml:25:13-67
109            android:authorities="com.safewalk.coimbatore.pro.androidx-startup"
109-->[androidx.emoji2:emoji2:1.2.0] AndroidManifest.xml:26:13-68
110            android:exported="false" >
110-->[androidx.emoji2:emoji2:1.2.0] AndroidManifest.xml:27:13-37
111            <meta-data
111-->[androidx.emoji2:emoji2:1.2.0] AndroidManifest.xml:29:13-31:52
112                android:name="androidx.emoji2.text.EmojiCompatInitializer"
112-->[androidx.emoji2:emoji2:1.2.0] AndroidManifest.xml:30:17-75
113                android:value="androidx.startup" />
113-->[androidx.emoji2:emoji2:1.2.0] AndroidManifest.xml:31:17-49
114            <meta-data
114-->[androidx.lifecycle:lifecycle-process:2.6.2] AndroidManifest.xml:29:13-31:52
115                android:name="androidx.lifecycle.ProcessLifecycleInitializer"
115-->[androidx.lifecycle:lifecycle-process:2.6.2] AndroidManifest.xml:30:17-78
116                android:value="androidx.startup" />
116-->[androidx.lifecycle:lifecycle-process:2.6.2] AndroidManifest.xml:31:17-49
117            <meta-data
117-->[androidx.profileinstaller:profileinstaller:1.3.0] AndroidManifest.xml:29:13-31:52
118                android:name="androidx.profileinstaller.ProfileInstallerInitializer"
118-->[androidx.profileinstaller:profileinstaller:1.3.0] AndroidManifest.xml:30:17-85
119                android:value="androidx.startup" />
119-->[androidx.profileinstaller:profileinstaller:1.3.0] AndroidManifest.xml:31:17-49
120        </provider>
121
122        <receiver
122-->[androidx.profileinstaller:profileinstaller:1.3.0] AndroidManifest.xml:34:9-52:20
123            android:name="androidx.profileinstaller.ProfileInstallReceiver"
123-->[androidx.profileinstaller:profileinstaller:1.3.0] AndroidManifest.xml:35:13-76
124            android:directBootAware="false"
124-->[androidx.profileinstaller:profileinstaller:1.3.0] AndroidManifest.xml:36:13-44
125            android:enabled="true"
125-->[androidx.profileinstaller:profileinstaller:1.3.0] AndroidManifest.xml:37:13-35
126            android:exported="true"
126-->[androidx.profileinstaller:profileinstaller:1.3.0] AndroidManifest.xml:38:13-36
127            android:permission="android.permission.DUMP" >
127-->[androidx.profileinstaller:profileinstaller:1.3.0] AndroidManifest.xml:39:13-57
128            <intent-filter>
128-->[androidx.profileinstaller:profileinstaller:1.3.0] AndroidManifest.xml:40:13-42:29
129                <action android:name="androidx.profileinstaller.action.INSTALL_PROFILE" />
129-->[androidx.profileinstaller:profileinstaller:1.3.0] AndroidManifest.xml:41:17-91
129-->[androidx.profileinstaller:profileinstaller:1.3.0] AndroidManifest.xml:41:25-88
130            </intent-filter>
131            <intent-filter>
131-->[androidx.profileinstaller:profileinstaller:1.3.0] AndroidManifest.xml:43:13-45:29
132                <action android:name="androidx.profileinstaller.action.SKIP_FILE" />
132-->[androidx.profileinstaller:profileinstaller:1.3.0] AndroidManifest.xml:44:17-85
132-->[androidx.profileinstaller:profileinstaller:1.3.0] AndroidManifest.xml:44:25-82
133            </intent-filter>
134            <intent-filter>
134-->[androidx.profileinstaller:profileinstaller:1.3.0] AndroidManifest.xml:46:13-48:29
135                <action android:name="androidx.profileinstaller.action.SAVE_PROFILE" />
135-->[androidx.profileinstaller:profileinstaller:1.3.0] AndroidManifest.xml:47:17-88
135-->[androidx.profileinstaller:profileinstaller:1.3.0] AndroidManifest.xml:47:25-85
136            </intent-filter>
137            <intent-filter>
137-->[androidx.profileinstaller:profileinstaller:1.3.0] AndroidManifest.xml:49:13-51:29
138                <action android:name="androidx.profileinstaller.action.BENCHMARK_OPERATION" />
138-->[androidx.profileinstaller:profileinstaller:1.3.0] AndroidManifest.xml:50:17-95
138-->[androidx.profileinstaller:profileinstaller:1.3.0] AndroidManifest.xml:50:25-92
139            </intent-filter>
140        </receiver>
141    </application>
142
143</manifest>